{"C:\\Users\\Administrator\\Desktop\\hqzh\\dist\\index.js":{"path":"C:\\Users\\Administrator\\Desktop\\hqzh\\dist\\index.js","s":{"1":1,"2":1,"3":1,"4":1,"5":1,"6":1},"b":{"1":[1,1,1],"2":[1,0],"3":[1,1]},"f":{"1":1},"fnMap":{"1":{"name":"(anonymous_1)","line":2,"loc":{"start":{"line":2,"column":56},"end":{"line":2,"column":71}}}},"statementMap":{"1":{"start":{"line":2,"column":0},"end":{"line":4,"column":2}},"2":{"start":{"line":3,"column":4},"end":{"line":3,"column":62}},"3":{"start":{"line":5,"column":0},"end":{"line":5,"column":62}},"4":{"start":{"line":6,"column":0},"end":{"line":6,"column":21}},"5":{"start":{"line":7,"column":0},"end":{"line":7,"column":46}},"6":{"start":{"line":8,"column":0},"end":{"line":8,"column":28}}},"branchMap":{"1":{"line":2,"type":"binary-expr","locations":[{"start":{"line":2,"column":23},"end":{"line":2,"column":27}},{"start":{"line":2,"column":31},"end":{"line":2,"column":51}},{"start":{"line":2,"column":56},"end":{"line":4,"column":1}}]},"2":{"line":3,"type":"cond-expr","locations":[{"start":{"line":3,"column":37},"end":{"line":3,"column":40}},{"start":{"line":3,"column":43},"end":{"line":3,"column":61}}]},"3":{"line":3,"type":"binary-expr","locations":[{"start":{"line":3,"column":12},"end":{"line":3,"column":15}},{"start":{"line":3,"column":19},"end":{"line":3,"column":33}}]}}},"C:\\Users\\Administrator\\Desktop\\hqzh\\dist\\sum.js":{"path":"C:\\Users\\Administrator\\Desktop\\hqzh\\dist\\sum.js","s":{"1":1,"2":1,"3":1,"4":1},"b":{},"f":{"1":1},"fnMap":{"1":{"name":"add","line":3,"loc":{"start":{"line":3,"column":0},"end":{"line":3,"column":19}}}},"statementMap":{"1":{"start":{"line":2,"column":0},"end":{"line":2,"column":62}},"2":{"start":{"line":3,"column":0},"end":{"line":5,"column":1}},"3":{"start":{"line":4,"column":4},"end":{"line":4,"column":17}},"4":{"start":{"line":6,"column":0},"end":{"line":6,"column":22}}},"branchMap":{}}}